0 info it worked if it ends with ok
1 verbose cli [ 'C:\\Program Files\\nodejs\\node.exe',
1 verbose cli   'C:\\Program Files\\nodejs\\node_modules\\npm\\bin\\npm-cli.js',
1 verbose cli   'run',
1 verbose cli   'lint',
1 verbose cli   '--',
1 verbose cli   '--watch' ]
2 info using npm@3.10.10
3 info using node@v6.11.0
4 verbose run-script [ 'prelint', 'lint', 'postlint' ]
5 info lifecycle HackernewsClone@0.0.1~prelint: HackernewsClone@0.0.1
6 silly lifecycle HackernewsClone@0.0.1~prelint: no script for prelint, continuing
7 info lifecycle HackernewsClone@0.0.1~lint: HackernewsClone@0.0.1
8 verbose lifecycle HackernewsClone@0.0.1~lint: unsafe-perm in lifecycle true
9 verbose lifecycle HackernewsClone@0.0.1~lint: PATH: C:\Program Files\nodejs\node_modules\npm\bin\node-gyp-bin;C:\Users\junior\Documents\learning\graphql\howtographql.com\react-and-apollo\node_modules\.bin;C:\Users\junior\Documents\learning\graphql\howtographql.com\react-and-apollo\node_modules\.bin;C:\Users\junior\AppData\Local\Yarn\config\link\node_modules\.bin;C:\Users\junior\Documents\learning\graphql\howtographql.com\react-and-apollo\node_modules\.bin;C:\Users\junior\AppData\Local\Yarn\config\link\node_modules\.bin;C:\Program Files\lib\node_modules\npm\bin\node-gyp-bin;C:\Program Files\nodejs\node_modules\npm\bin\node-gyp-bin;C:\Users\junior\Documents\learning\graphql\howtographql.com\react-and-apollo\node_modules\.bin;C:\Users\junior\AppData\Local\Yarn\config\link\node_modules\.bin;C:\Users\junior\Documents\learning\graphql\howtographql.com\react-and-apollo\node_modules\.bin;C:\Users\junior\AppData\Local\Yarn\config\link\node_modules\.bin;C:\Users\junior\AppData\Local\Yarn\bin;C:\Program Files\lib\node_modules\npm\bin\node-gyp-bin;C:\Program Files\nodejs\node_modules\npm\bin\node-gyp-bin;C:\Users\junior\bin;C:\Program Files\Git\mingw64\bin;C:\Program Files\Git\usr\local\bin;C:\Program Files\Git\usr\bin;C:\Program Files\Git\usr\bin;C:\Program Files\Git\cmd;C:\ProgramData\Oracle\Java\javapath;C:\WINDOWS\system32;C:\WINDOWS;C:\WINDOWS\System32\Wbem;C:\WINDOWS\System32\WindowsPowerShell\v1.0;C:\Users\junior\AppData\Roaming\nvm;C:\Program Files\nodejs;C:\Program Files\nodejs;C:\Users\junior\AppData\Local\Microsoft\WindowsApps;C:\Users\junior\AppData\Roaming\nvm;C:\Program Files\nodejs;C:\Program Files (x86)\Microsoft VS Code\bin;C:\users\junior\apache-tomcat-8.5.16\bin;C:\Users\junior\apache-maven-3.5.0\bin;C:\Users\junior\AppData\Roaming\npm;C:\Users\junior\AppData\Local\atom\bin;C:\Users\junior\AppData\Local\Android\android-sdk\platform-tools;C:\Users\junior\AppData\Local\Android\android-sdk\tools;C:\Gradle\gradle-4.1\bin;C:\Program Files\Git\usr\bin\vendor_perl;C:\Program Files\Git\usr\bin\core_perl
10 verbose lifecycle HackernewsClone@0.0.1~lint: CWD: C:\Users\junior\Documents\learning\graphql\howtographql.com\react-and-apollo
11 silly lifecycle HackernewsClone@0.0.1~lint: Args: [ '/d /s /c',
11 silly lifecycle   'esw -c .eslintrc src --ext .js,.jsx --ignore-path .eslintignore --color "--watch"' ]
12 silly lifecycle HackernewsClone@0.0.1~lint: Returned: code: 1  signal: null
13 info lifecycle HackernewsClone@0.0.1~lint: Failed to exec lint script
14 verbose stack Error: HackernewsClone@0.0.1 lint: `esw -c .eslintrc src --ext .js,.jsx --ignore-path .eslintignore --color "--watch"`
14 verbose stack Exit status 1
14 verbose stack     at EventEmitter.<anonymous> (C:\Program Files\nodejs\node_modules\npm\lib\utils\lifecycle.js:255:16)
14 verbose stack     at emitTwo (events.js:106:13)
14 verbose stack     at EventEmitter.emit (events.js:191:7)
14 verbose stack     at ChildProcess.<anonymous> (C:\Program Files\nodejs\node_modules\npm\lib\utils\spawn.js:40:14)
14 verbose stack     at emitTwo (events.js:106:13)
14 verbose stack     at ChildProcess.emit (events.js:191:7)
14 verbose stack     at maybeClose (internal/child_process.js:891:16)
14 verbose stack     at Process.ChildProcess._handle.onexit (internal/child_process.js:226:5)
15 verbose pkgid HackernewsClone@0.0.1
16 verbose cwd C:\Users\junior\Documents\learning\graphql\howtographql.com\react-and-apollo
17 error Windows_NT 10.0.15063
18 error argv "C:\\Program Files\\nodejs\\node.exe" "C:\\Program Files\\nodejs\\node_modules\\npm\\bin\\npm-cli.js" "run" "lint" "--" "--watch"
19 error node v6.11.0
20 error npm  v3.10.10
21 error code ELIFECYCLE
22 error HackernewsClone@0.0.1 lint: `esw -c .eslintrc src --ext .js,.jsx --ignore-path .eslintignore --color "--watch"`
22 error Exit status 1
23 error Failed at the HackernewsClone@0.0.1 lint script 'esw -c .eslintrc src --ext .js,.jsx --ignore-path .eslintignore --color "--watch"'.
23 error Make sure you have the latest version of node.js and npm installed.
23 error If you do, this is most likely a problem with the HackernewsClone package,
23 error not with npm itself.
23 error Tell the author that this fails on your system:
23 error     esw -c .eslintrc src --ext .js,.jsx --ignore-path .eslintignore --color "--watch"
23 error You can get information on how to open an issue for this project with:
23 error     npm bugs HackernewsClone
23 error Or if that isn't available, you can get their info via:
23 error     npm owner ls HackernewsClone
23 error There is likely additional logging output above.
24 verbose exit [ 1, true ]
